Flutter crash report.
Please report a bug at https://github.com/flutter/flutter/issues.

## command

flutter test

## exception

ShaderCompilerException: ShaderCompilerException: Shader compilation of "C:\Users\HP\Documents\flutter-develop\flutter_windows_3.38.3-stable\flutter\packages\flutter\lib\src\material\shaders\ink_sparkle.frag" to "build\unit_test_assets\shaders/ink_sparkle.frag" failed with exit code 1.
impellerc stdout:

impellerc stderr:
Could not write file to build\unit_test_assets\shaders/ink_sparkle.frag




```
#0      ShaderCompiler.compileShader (package:flutter_tools/src/build_system/tools/shader_compiler.dart:196:9)
<asynchronous suspension>
#1      writeBundle.<anonymous closure> (package:flutter_tools/src/bundle_builder.dart:208:25)
<asynchronous suspension>
#2      Future.wait.<anonymous closure> (dart:async/future.dart:546:21)
<asynchronous suspension>
#3      writeBundle (package:flutter_tools/src/bundle_builder.dart:171:3)
<asynchronous suspension>
#4      TestCommand._buildTestAsset (package:flutter_tools/src/commands/test.dart:777:7)
<asynchronous suspension>
#5      TestCommand.runCommand (package:flutter_tools/src/commands/test.dart:474:7)
<asynchronous suspension>
#6      FlutterCommand.run.<anonymous closure> (package:flutter_tools/src/runner/flutter_command.dart:1559:27)
<asynchronous suspension>
#7      AppContext.run.<anonymous closure> (package:flutter_tools/src/base/context.dart:154:19)
<asynchronous suspension>
#8      CommandRunner.runCommand (package:args/command_runner.dart:212:13)
<asynchronous suspension>
#9      FlutterCommandRunner.runCommand.<anonymous closure> (package:flutter_tools/src/runner/flutter_command_runner.dart:487:9)
<asynchronous suspension>
#10     AppContext.run.<anonymous closure> (package:flutter_tools/src/base/context.dart:154:19)
<asynchronous suspension>
#11     FlutterCommandRunner.runCommand (package:flutter_tools/src/runner/flutter_command_runner.dart:422:5)
<asynchronous suspension>
#12     run.<anonymous closure>.<anonymous closure> (package:flutter_tools/runner.dart:104:11)
<asynchronous suspension>
#13     AppContext.run.<anonymous closure> (package:flutter_tools/src/base/context.dart:154:19)
<asynchronous suspension>
#14     main (package:flutter_tools/executable.dart:103:3)
<asynchronous suspension>
```

## flutter doctor

```
[32m[âœ“][39m Flutter (Channel stable, 3.38.3, on Microsoft Windows [Version 10.0.26100.7171], locale sl-SI) [277ms]
    [32mâ€¢[39m Flutter version 3.38.3 on channel stable at C:\Users\HP\Documents\flutter-develop\flutter_windows_3.38.3-stable\flutter
    [32mâ€¢[39m Upstream repository https://github.com/flutter/flutter.git
    [32mâ€¢[39m Framework revision 19074d12f7 (10 days ago), 2025-11-20 17:53:13 -0500
    [32mâ€¢[39m Engine revision 13e658725d
    [32mâ€¢[39m Dart version 3.10.1
    [32mâ€¢[39m DevTools version 2.51.1
    [32mâ€¢[39m Feature flags: enable-web, enable-linux-desktop, enable-macos-desktop, enable-windows-desktop, enable-android, enable-ios, cli-animations, enable-native-assets,
      omit-legacy-version-file, enable-lldb-debugging

[32m[âœ“][39m Windows Version (11 Pro 64-bit, 24H2, 2009) [1.215ms]

[31m[âœ—][39m Android toolchain - develop for Android devices [36ms]
    [31mâœ—[39m Unable to locate Android SDK.
      Install Android Studio from: https://developer.android.com/studio/index.html
      On first launch it will assist you in installing the Android SDK components.
      (or visit https://flutter.dev/to/windows-android-setup for detailed instructions).
      If the Android SDK has been installed to a custom location, please use
      `flutter config --android-sdk` to update to that location.


[32m[âœ“][39m Chrome - develop for the web [13ms]
    [32mâ€¢[39m Chrome at C:\Program Files\Google\Chrome\Application\chrome.exe

[31m[âœ—][39m Visual Studio - develop Windows apps [11ms]
    [31mâœ—[39m Visual Studio not installed; this is necessary to develop Windows apps.
      Download at https://visualstudio.microsoft.com/downloads/.
      Please install the "Desktop development with C++" workload, including all of its default components

[32m[âœ“][39m Connected device (3 available) [138ms]
    [32mâ€¢[39m Windows (desktop) â€¢ windows â€¢ windows-x64    â€¢ Microsoft Windows [Version 10.0.26100.7171]
    [32mâ€¢[39m Chrome (web)      â€¢ chrome  â€¢ web-javascript â€¢ Google Chrome 142.0.7444.176
    [32mâ€¢[39m Edge (web)        â€¢ edge    â€¢ web-javascript â€¢ Microsoft Edge 141.0.3537.57

[32m[âœ“][39m Network resources [292ms]
    [32mâ€¢[39m All expected network resources are available.

[33m![39m Doctor found issues in 2 categories.
```
